<?xml version="1.0" encoding="UTF-8"?>
<!-- Generated by org.testng.reporters.JUnitReportReporter -->
<testsuite hostname="LAPTOP-7FRJBO5L" failures="0" tests="3" name="com.testng.DependsOnMethods" time="0.015" errors="0" timestamp="2022-06-28T08:41:38 IST" skipped="0">
  <testcase classname="com.testng.DependsOnMethods" name="mobileOffer" time="0.009"/>
  <system-out/>
  <testcase classname="com.testng.DependsOnMethods" name="diwaliOffer" time="0.005"/>
  <system-out/>
  <testcase classname="com.testng.DependsOnMethods" name="laptopOffer" time="0.001"/>
  <system-out/>
</testsuite> <!-- com.testng.DependsOnMethods -->
