<?xml version="1.0" encoding="UTF-8"?>
<!-- Generated by org.testng.reporters.JUnitReportReporter -->
<testsuite hostname="LAPTOP-7FRJBO5L" failures="0" tests="1" name="com.testng.ExpectedException" time="0.016" errors="0" timestamp="2022-06-29T08:35:43 IST" skipped="0">
  <testcase classname="com.testng.ExpectedException" name="demoPgm" time="0.016"/>
  <system-out/>
</testsuite> <!-- com.testng.ExpectedException -->
