<?xml version="1.0" encoding="UTF-8"?>
<!-- Generated by org.testng.reporters.JUnitReportReporter -->
<testsuite hostname="LAPTOP-7FRJBO5L" failures="0" tests="2" name="com.testng.ParallelTest" time="27.696" errors="0" timestamp="2022-06-29T08:16:22 IST" skipped="0">
  <testcase classname="com.testng.ParallelTest" name="amazonShop" time="9.404"/>
  <system-out/>
  <testcase classname="com.testng.ParallelTest" name="flipkartShop" time="18.292"/>
  <system-out/>
</testsuite> <!-- com.testng.ParallelTest -->
