<?xml version="1.0" encoding="UTF-8"?>
<!-- Generated by org.testng.reporters.JUnitReportReporter -->
<testsuite hostname="LAPTOP-7FRJBO5L" failures="0" tests="2" name="com.testng.SimpleAnnotation" time="0.009" errors="0" timestamp="2022-06-27T09:07:23 IST" skipped="1">
  <testcase classname="com.testng.SimpleAnnotation" name="mobileSearch" time="0.009"/>
  <system-out/>
  <testcase classname="com.testng.SimpleAnnotation" name="acSearch">
    <skipped/>
  </testcase> <!-- acSearch -->
  <system-out/>
</testsuite> <!-- com.testng.SimpleAnnotation -->
