<?xml version="1.0" encoding="UTF-8"?>
<!-- Generated by org.testng.reporters.JUnitReportReporter -->
<testsuite hostname="LAPTOP-7FRJBO5L" failures="0" tests="1" name="com.testng.ParameterAnnotation" time="0.007" errors="0" timestamp="2022-07-04T08:41:37 IST" skipped="0">
  <testcase classname="com.testng.ParameterAnnotation" name="loginDetails" time="0.007"/>
  <system-out/>
</testsuite> <!-- com.testng.ParameterAnnotation -->
