<?xml version="1.0" encoding="UTF-8"?>
<!-- Generated by org.testng.reporters.JUnitReportReporter -->
<testsuite hostname="LAPTOP-7FRJBO5L" failures="0" tests="6" name="com.testng.GroupingPgm" time="0.037" errors="0" timestamp="2022-06-28T08:34:07 IST" skipped="0">
  <testcase classname="com.testng.GroupingPgm" name="chessGame" time="0.010"/>
  <system-out/>
  <testcase classname="com.testng.GroupingPgm" name="cricKet" time="0.007"/>
  <system-out/>
  <testcase classname="com.testng.GroupingPgm" name="faceBook" time="0.001"/>
  <system-out/>
  <testcase classname="com.testng.GroupingPgm" name="instaGram" time="0.001"/>
  <system-out/>
  <testcase classname="com.testng.GroupingPgm" name="twitTer" time="0.001"/>
  <system-out/>
  <testcase classname="com.testng.GroupingPgm" name="carromGame" time="0.017"/>
  <system-out/>
</testsuite> <!-- com.testng.GroupingPgm -->
