<?xml version="1.0" encoding="UTF-8"?>
<!-- Generated by org.testng.reporters.JUnitReportReporter -->
<testsuite hostname="LAPTOP-7FRJBO5L" failures="0" tests="8" name="com.testng.PriorityTest" time="0.022" errors="0" timestamp="2022-06-27T08:21:00 IST" skipped="0">
  <testcase classname="com.testng.PriorityTest" name="credentialLogin" time="0.008"/>
  <system-out/>
  <testcase classname="com.testng.PriorityTest" name="launchUrl" time="0.004"/>
  <system-out/>
  <testcase classname="com.testng.PriorityTest" name="launchUrl" time="0.001"/>
  <system-out/>
  <testcase classname="com.testng.PriorityTest" name="myProfile" time="0.002"/>
  <system-out/>
  <testcase classname="com.testng.PriorityTest" name="myProfile" time="0.000"/>
  <system-out/>
  <testcase classname="com.testng.PriorityTest" name="myProfile" time="0.004"/>
  <system-out/>
  <testcase classname="com.testng.PriorityTest" name="myProfile" time="0.003"/>
  <system-out/>
  <testcase classname="com.testng.PriorityTest" name="myProfile" time="0.000"/>
  <system-out/>
</testsuite> <!-- com.testng.PriorityTest -->
