<?xml version="1.0" encoding="UTF-8"?>
<!-- Generated by org.testng.reporters.JUnitReportReporter -->
<testsuite hostname="LAPTOP-7FRJBO5L" failures="0" tests="3" name="com.testng.DataProvider" time="30.444" errors="0" timestamp="2022-07-04T08:55:44 IST" skipped="0">
  <testcase classname="com.testng.DataProvider" name="automationShop" time="10.632"/>
  <system-out/>
  <testcase classname="com.testng.DataProvider" name="automationShop" time="11.112"/>
  <system-out/>
  <testcase classname="com.testng.DataProvider" name="automationShop" time="8.700"/>
  <system-out/>
</testsuite> <!-- com.testng.DataProvider -->
